<?xml version="1.0" encoding="UTF-8"?>
<testng-results ignored="0" total="1" passed="1" failed="0" skipped="0">
  <reporter-output>
  </reporter-output>
  <suite started-at="2024-12-20T10:59:43 GMT" name="Default suite" finished-at="2024-12-20T10:59:46 GMT" duration-ms="3097">
    <groups>
    </groups>
    <test started-at="2024-12-20T10:59:43 GMT" name="Default test" finished-at="2024-12-20T10:59:46 GMT" duration-ms="3097">
      <class name="com.adactin.tests.LoginTest">
        <test-method is-config="true" signature="openBrowser()[pri:0, instance:com.adactin.tests.LoginTest@71ba6d4e]" started-at="2024-12-20T10:59:30 GMT" name="openBrowser" finished-at="2024-12-20T10:59:43 GMT" duration-ms="12863" status="PASS">
          <reporter-output>
          </reporter-output>
        </test-method> <!-- openBrowser -->
        <test-method signature="LoginTest()[pri:0, instance:com.adactin.tests.LoginTest@71ba6d4e]" started-at="2024-12-20T10:59:43 GMT" name="LoginTest" finished-at="2024-12-20T10:59:46 GMT" duration-ms="3001" status="PASS">
          <reporter-output>
          </reporter-output>
        </test-method> <!-- LoginTest -->
        <test-method is-config="true" signature="closeBrowser()[pri:0, instance:com.adactin.tests.LoginTest@71ba6d4e]" started-at="2024-12-20T10:59:46 GMT" name="closeBrowser" finished-at="2024-12-20T10:59:48 GMT" duration-ms="1614" status="PASS">
          <reporter-output>
          </reporter-output>
        </test-method> <!-- closeBrowser -->
      </class> <!-- com.adactin.tests.LoginTest -->
    </test> <!-- Default test -->
  </suite> <!-- Default suite -->
</testng-results>
